!SESSION 2023-11-26 11:53:48.655 -----------------------------------------------
eclipse.buildId=unknown
java.version=17.0.7
java.vendor=Eclipse Adoptium
BootLoader constants: OS=win32, ARCH=x86_64, WS=win32, NL=en_US
Command-line arguments:  -os win32 -ws win32 -arch x86_64

!ENTRY org.eclipse.update.configurator 4 0 2023-11-26 11:54:58.443
!MESSAGE Could not rename configuration temp file

!ENTRY org.eclipse.update.configurator 4 0 2023-11-26 11:54:58.443
!MESSAGE Unable to save configuration file "C:\Users\Admin\OneDrive\Máy tính\OOP\UML\configuration\org.eclipse.update\platform.xml.tmp"
!STACK 0
java.io.IOException: Unable to save configuration file "C:\Users\Admin\OneDrive\Máy tính\OOP\UML\configuration\org.eclipse.update\platform.xml.tmp"
	at org.eclipse.update.internal.configurator.PlatformConfiguration.save(PlatformConfiguration.java:589)
	at org.eclipse.update.internal.configurator.PlatformConfiguration.save(PlatformConfiguration.java:488)
	at org.eclipse.update.internal.configurator.PlatformConfiguration.startup(PlatformConfiguration.java:613)
	at org.eclipse.update.internal.configurator.ConfigurationActivator.getPlatformConfiguration(ConfigurationActivator.java:121)
	at org.eclipse.update.internal.configurator.ConfigurationActivator.initialize(ConfigurationActivator.java:94)
	at org.eclipse.update.internal.configurator.ConfigurationActivator.start(ConfigurationActivator.java:69)
	at org.eclipse.osgi.internal.framework.BundleContextImpl$2.run(BundleContextImpl.java:818)
	at org.eclipse.osgi.internal.framework.BundleContextImpl$2.run(BundleContextImpl.java:1)
	at java.base/java.security.AccessController.doPrivileged(Unknown Source)
	at org.eclipse.osgi.internal.framework.BundleContextImpl.startActivator(BundleContextImpl.java:810)
	at org.eclipse.osgi.internal.framework.BundleContextImpl.start(BundleContextImpl.java:767)
	at org.eclipse.osgi.internal.framework.EquinoxBundle.startWorker0(EquinoxBundle.java:1032)
	at org.eclipse.osgi.internal.framework.EquinoxBundle$EquinoxModule.startWorker(EquinoxBundle.java:371)
	at org.eclipse.osgi.container.Module.doStart(Module.java:605)
	at org.eclipse.osgi.container.Module.start(Module.java:468)
	at org.eclipse.osgi.container.ModuleContainer$ContainerStartLevel$2.run(ModuleContainer.java:1852)
	at org.eclipse.osgi.internal.framework.EquinoxContainerAdaptor$1$1.execute(EquinoxContainerAdaptor.java:136)
	at org.eclipse.osgi.container.ModuleContainer$ContainerStartLevel.incStartLevel(ModuleContainer.java:1845)
	at org.eclipse.osgi.container.ModuleContainer$ContainerStartLevel.incStartLevel(ModuleContainer.java:1788)
	at org.eclipse.osgi.container.ModuleContainer$ContainerStartLevel.doContainerStartLevel(ModuleContainer.java:1750)
	at org.eclipse.osgi.container.ModuleContainer$ContainerStartLevel.dispatchEvent(ModuleContainer.java:1672)
	at org.eclipse.osgi.container.ModuleContainer$ContainerStartLevel.dispatchEvent(ModuleContainer.java:1)
	at org.eclipse.osgi.framework.eventmgr.EventManager.dispatchEvent(EventManager.java:234)
	at org.eclipse.osgi.framework.eventmgr.EventManager$EventThread.run(EventManager.java:345)
